#
# There is insufficient memory for the Java Runtime Environment to continue.
# Native memory allocation (mmap) failed to map 67108864 bytes. Error detail: G1 virtual space
# Possible reasons:
#   The system is out of physical RAM or swap space
#   This process is running with CompressedOops enabled, and the Java Heap may be blocking the growth of the native heap
# Possible solutions:
#   Reduce memory load on the system
#   Increase physical memory or swap space
#   Check if swap backing store is full
#   Decrease Java heap size (-Xmx/-Xms)
#   Decrease number of Java threads
#   Decrease Java thread stack sizes (-Xss)
#   Set larger code cache with -XX:ReservedCodeCacheSize=
#   JVM is running with Unscaled Compressed Oops mode in which the Java heap is
#     placed in the first 4GB address space. The Java Heap base address is the
#     maximum limit for the native heap growth. Please use -XX:HeapBaseMinAddress
#     to set the Java Heap base and to place the Java Heap above 4GB virtual address.
# This output file may be truncated or incomplete.
#
#  Out of Memory Error (os_windows.cpp:3710), pid=24400, tid=14020
#
# JRE version:  (17.0.15+6) (build )
# Java VM: OpenJDK 64-Bit Server VM (17.0.15+6-LTS, mixed mode, sharing, tiered, compressed oops, compressed class ptrs, g1 gc, windows-amd64)
# No core dump will be written. Minidumps are not enabled by default on client versions of Windows
#

---------------  S U M M A R Y ------------

Command Line: -Xmx64m -Xms64m -Dorg.gradle.appname=gradlew org.gradle.wrapper.GradleWrapperMain app:installDebug -PreactNativeDevServerPort=8081

Host: Intel(R) Core(TM) i3-10105F CPU @ 3.70GHz, 8 cores, 15G,  Windows 10 , 64 bit Build 19041 (10.0.19041.5794)
Time: Sat Jun  7 12:07:02 2025 SE Asia Standard Time elapsed time: 0.018383 seconds (0d 0h 0m 0s)

---------------  T H R E A D  ---------------

Current thread (0x000001870683f0e0):  JavaThread "Unknown thread" [_thread_in_vm, id=14020, stack(0x0000002743b00000,0x0000002743c00000)]

Stack: [0x0000002743b00000,0x0000002743c00000]
Native frames: (J=compiled Java code, j=interpreted, Vv=VM code, C=native code)
V  [jvm.dll+0x6887a9]
V  [jvm.dll+0x83f5a8]
V  [jvm.dll+0x841053]
V  [jvm.dll+0x8416c3]
V  [jvm.dll+0x2496ef]
V  [jvm.dll+0x6856e9]
V  [jvm.dll+0x679b7a]
V  [jvm.dll+0x30b0d7]
V  [jvm.dll+0x312646]
V  [jvm.dll+0x36300e]
V  [jvm.dll+0x36324d]
V  [jvm.dll+0x2e236c]
V  [jvm.dll+0x2e3284]
V  [jvm.dll+0x8114db]
V  [jvm.dll+0x370d21]
V  [jvm.dll+0x7f011f]
V  [jvm.dll+0x3f781e]
V  [jvm.dll+0x3f9351]
C  [jli.dll+0x52a0]
C  [ucrtbase.dll+0x21bb2]
C  [KERNEL32.DLL+0x17374]
C  [ntdll.dll+0x4cc91]


---------------  P R O C E S S  ---------------

Threads class SMR info:
_java_thread_list=0x00007ffda506efd8, length=0, elements={
}

Java Threads: ( => current thread )

Other Threads:
  0x000001870685e360 GCTaskThread "GC Thread#0" [stack: 0x0000002743c00000,0x0000002743d00000] [id=7364]
  0x000001870685fab0 ConcurrentGCThread "G1 Main Marker" [stack: 0x0000002743d00000,0x0000002743e00000] [id=20444]
  0x00000187068604d0 ConcurrentGCThread "G1 Conc#0" [stack: 0x0000002743e00000,0x0000002743f00000] [id=22756]

[error occurred during error reporting (printing all threads), id 0xc0000005, EXCEPTION_ACCESS_VIOLATION (0xc0000005) at pc=0x00007ffda4822ec7]

VM state: not at safepoint (not fully initialized)

VM Mutex/Monitor currently owned by a thread:  ([mutex/lock_event])
[0x000001870683a940] Heap_lock - owner thread: 0x000001870683f0e0

Heap address: 0x00000000fc000000, size: 64 MB, Compressed Oops mode: 32-bit

CDS archive(s) mapped at: [0x0000000000000000-0x0000000000000000-0x0000000000000000), size 0, SharedBaseAddress: 0x0000000800000000, ArchiveRelocationMode: 1.
Narrow klass base: 0x0000000000000000, Narrow klass shift: 0, Narrow klass range: 0x0

GC Precious Log:
<Empty>

Heap:
 garbage-first heap   total 0K, used 0K [0x00000000fc000000, 0x0000000100000000)
  region size 1024K, 0 young (0K), 0 survivors (0K)

[error occurred during error reporting (printing heap information), id 0xc0000005, EXCEPTION_ACCESS_VIOLATION (0xc0000005) at pc=0x00007ffda4c12339]

GC Heap History (0 events):
No events

Dll operation events (1 events):
Event: 0.004 Loaded shared library C:\Program Files\Microsoft\jdk-17.0.15.6-hotspot\bin\java.dll

Deoptimization events (0 events):
No events

Classes loaded (0 events):
No events

Classes unloaded (0 events):
No events

Classes redefined (0 events):
No events

Internal exceptions (0 events):
No events

VM Operations (0 events):
No events

Memory protections (0 events):
No events

Nmethod flushes (0 events):
No events

Events (0 events):
No events


Dynamic libraries:
0x00007ff692cb0000 - 0x00007ff692cbe000 	C:\Program Files\Microsoft\jdk-17.0.15.6-hotspot\bin\java.exe
0x00007ffe420b0000 - 0x00007ffe422a8000 	C:\Windows\SYSTEM32\ntdll.dll
0x00007ffe40b80000 - 0x00007ffe40c42000 	C:\Windows\System32\KERNEL32.DLL
0x00007ffe3f7d0000 - 0x00007ffe3fac6000 	C:\Windows\System32\KERNELBASE.dll
0x00007ffe3fbc0000 - 0x00007ffe3fcc0000 	C:\Windows\System32\ucrtbase.dll
0x00007ffe0d8d0000 - 0x00007ffe0d8ed000 	C:\Program Files\Microsoft\jdk-17.0.15.6-hotspot\bin\VCRUNTIME140.dll
0x00007ffdfbc60000 - 0x00007ffdfbc77000 	C:\Program Files\Microsoft\jdk-17.0.15.6-hotspot\bin\jli.dll
0x00007ffe40220000 - 0x00007ffe403bd000 	C:\Windows\System32\USER32.dll
0x00007ffe29450000 - 0x00007ffe296ea000 	C:\Windows\WinSxS\amd64_microsoft.windows.common-controls_6595b64144ccf1df_6.0.19041.5794_none_60bcd33171f2783c\COMCTL32.dll
0x00007ffe400b0000 - 0x00007ffe400d2000 	C:\Windows\System32\win32u.dll
0x00007ffe40c50000 - 0x00007ffe40cee000 	C:\Windows\System32\msvcrt.dll
0x00007ffe41680000 - 0x00007ffe416ab000 	C:\Windows\System32\GDI32.dll
0x00007ffe3fe30000 - 0x00007ffe3ff4a000 	C:\Windows\System32\gdi32full.dll
0x00007ffe3fad0000 - 0x00007ffe3fb6d000 	C:\Windows\System32\msvcp_win.dll
0x00007ffe416b0000 - 0x00007ffe416df000 	C:\Windows\System32\IMM32.DLL
0x00007ffe2dd40000 - 0x00007ffe2dd4c000 	C:\Program Files\Microsoft\jdk-17.0.15.6-hotspot\bin\vcruntime140_1.dll
0x00007ffde00d0000 - 0x00007ffde015d000 	C:\Program Files\Microsoft\jdk-17.0.15.6-hotspot\bin\msvcp140.dll
0x00007ffda4530000 - 0x00007ffda51a2000 	C:\Program Files\Microsoft\jdk-17.0.15.6-hotspot\bin\server\jvm.dll
0x00007ffe407e0000 - 0x00007ffe4088f000 	C:\Windows\System32\ADVAPI32.dll
0x00007ffe40e00000 - 0x00007ffe40e9f000 	C:\Windows\System32\sechost.dll
0x00007ffe416e0000 - 0x00007ffe41803000 	C:\Windows\System32\RPCRT4.dll
0x00007ffe3fd50000 - 0x00007ffe3fd77000 	C:\Windows\System32\bcrypt.dll
0x00007ffe41960000 - 0x00007ffe419cb000 	C:\Windows\System32\WS2_32.dll
0x00007ffe3ec90000 - 0x00007ffe3ecdb000 	C:\Windows\SYSTEM32\POWRPROF.dll
0x00007ffe34e50000 - 0x00007ffe34e77000 	C:\Windows\SYSTEM32\WINMM.dll
0x00007ffe381d0000 - 0x00007ffe381da000 	C:\Windows\SYSTEM32\VERSION.dll
0x00007ffe3eb50000 - 0x00007ffe3eb62000 	C:\Windows\SYSTEM32\UMPDC.dll
0x00007ffe3d5f0000 - 0x00007ffe3d602000 	C:\Windows\SYSTEM32\kernel.appcore.dll
0x00007ffe28340000 - 0x00007ffe2834a000 	C:\Program Files\Microsoft\jdk-17.0.15.6-hotspot\bin\jimage.dll
0x00007ffe32ca0000 - 0x00007ffe32ea1000 	C:\Windows\SYSTEM32\DBGHELP.DLL
0x00007ffe1e5b0000 - 0x00007ffe1e5e4000 	C:\Windows\SYSTEM32\dbgcore.DLL
0x00007ffe3fcc0000 - 0x00007ffe3fd42000 	C:\Windows\System32\bcryptPrimitives.dll
0x00007ffdf3350000 - 0x00007ffdf3375000 	C:\Program Files\Microsoft\jdk-17.0.15.6-hotspot\bin\java.dll

dbghelp: loaded successfully - version: 4.0.5 - missing functions: none
symbol engine: initialized successfully - sym options: 0x614 - pdb path: .;C:\Program Files\Microsoft\jdk-17.0.15.6-hotspot\bin;C:\Windows\SYSTEM32;C:\Windows\WinSxS\amd64_microsoft.windows.common-controls_6595b64144ccf1df_6.0.19041.5794_none_60bcd33171f2783c;C:\Program Files\Microsoft\jdk-17.0.15.6-hotspot\bin\server

VM Arguments:
jvm_args: -Xmx64m -Xms64m -Dorg.gradle.appname=gradlew 
java_command: org.gradle.wrapper.GradleWrapperMain app:installDebug -PreactNativeDevServerPort=8081
java_class_path (initial): D:\folder kerja\test PT Lenna ai\Test-Mobile-LennaAi\android\\gradle\wrapper\gradle-wrapper.jar
Launcher Type: SUN_STANDARD

[Global flags]
     intx CICompilerCount                          = 4                                         {product} {ergonomic}
     uint ConcGCThreads                            = 2                                         {product} {ergonomic}
     uint G1ConcRefinementThreads                  = 8                                         {product} {ergonomic}
   size_t G1HeapRegionSize                         = 1048576                                   {product} {ergonomic}
    uintx GCDrainStackTargetSize                   = 64                                        {product} {ergonomic}
   size_t InitialHeapSize                          = 67108864                                  {product} {command line}
   size_t MarkStackSize                            = 4194304                                   {product} {ergonomic}
   size_t MaxHeapSize                              = 67108864                                  {product} {command line}
   size_t MinHeapDeltaBytes                        = 1048576                                   {product} {ergonomic}
   size_t MinHeapSize                              = 67108864                                  {product} {command line}
    uintx NonNMethodCodeHeapSize                   = 5839372                                {pd product} {ergonomic}
    uintx NonProfiledCodeHeapSize                  = 122909434                              {pd product} {ergonomic}
    uintx ProfiledCodeHeapSize                     = 122909434                              {pd product} {ergonomic}
    uintx ReservedCodeCacheSize                    = 251658240                              {pd product} {ergonomic}
     bool SegmentedCodeCache                       = true                                      {product} {ergonomic}
   size_t SoftMaxHeapSize                          = 67108864                               {manageable} {ergonomic}
     bool UseCompressedClassPointers               = true                           {product lp64_product} {ergonomic}
     bool UseCompressedOops                        = true                           {product lp64_product} {ergonomic}
     bool UseG1GC                                  = true                                      {product} {ergonomic}
     bool UseLargePagesIndividualAllocation        = false                                  {pd product} {ergonomic}

Logging:
Log output configuration:
 #0: stdout all=warning uptime,level,tags
 #1: stderr all=off uptime,level,tags

Environment Variables:
JAVA_HOME=C:\Program Files\Microsoft\jdk-17.0.15.6-hotspot\
CLASSPATH=D:\folder kerja\test PT Lenna ai\Test-Mobile-LennaAi\android\\gradle\wrapper\gradle-wrapper.jar
PATH=D:\folder kerja\test PT Lenna ai\Test-Mobile-LennaAi\node_modules\.bin;D:\folder kerja\test PT Lenna ai\node_modules\.bin;D:\folder kerja\node_modules\.bin;D:\node_modules\.bin;C:\Program Files\nodejs\node_modules\npm\node_modules\@npmcli\run-script\lib\node-gyp-bin;C:\Program Files\Microsoft\jdk-17.0.15.6-hotspot\bin;C:\Windows\system32;C:\Windows;C:\Windows\System32\Wbem;C:\Windows\System32\WindowsPowerShell\v1.0\;C:\Windows\System32\OpenSSH\;C:\Program Files\dotnet\;C:\Program Files\NVIDIA Corporation\NVIDIA App\NvDLISR;C:\Program Files\nodejs\;C:\Program Files\Git\cmd;C:\ProgramData\chocolatey\bin;C:\Users\Firman\AppData\Local\Microsoft\WindowsApps;C:\Users\Firman\AppData\Roaming\npm;C:\Users\Firman\AppData\Local\Programs\Microsoft VS Code\bin;C:\Users\Firman\AppData\Local\Android\Sdk\platform-tools;
USERNAME=Firman
LANG=en_US.UTF-8
OS=Windows_NT
PROCESSOR_IDENTIFIER=Intel64 Family 6 Model 165 Stepping 3, GenuineIntel
TMP=C:\Users\Firman\AppData\Local\Temp
TEMP=C:\Users\Firman\AppData\Local\Temp



Periodic native trim disabled


---------------  S Y S T E M  ---------------

OS:
 Windows 10 , 64 bit Build 19041 (10.0.19041.5794)
OS uptime: 16 days 19:57 hours

CPU: total 8 (initial active 8) (4 cores per cpu, 2 threads per core) family 6 model 165 stepping 3 microcode 0xea, cx8, cmov, fxsr, ht, mmx, 3dnowpref, sse, sse2, sse3, ssse3, sse4.1, sse4.2, popcnt, lzcnt, tsc, tscinvbit, avx, avx2, aes, erms, clmul, bmi1, bmi2, adx, fma, vzeroupper, clflush, clflushopt
Processor Information for the first 8 processors :
  Max Mhz: 3696, Current Mhz: 3696, Mhz Limit: 3696

Memory: 4k page, system-wide physical 16233M (630M free)
TotalPageFile size 30465M (AvailPageFile size 42M)
current process WorkingSet (physical memory assigned to process): 10M, peak: 10M
current process commit charge ("private bytes"): 59M, peak: 123M

vm_info: OpenJDK 64-Bit Server VM (17.0.15+6-LTS) for windows-amd64 JRE (17.0.15+6-LTS), built on Apr  9 2025 22:27:25 by "MicrosoftCorporation" with unknown MS VC++:1939

END.
